Compiled jquery.js  (6ms)  (pid 4860)
Compiled jquery_ujs.js  (0ms)  (pid 4860)
Compiled home.js  (374ms)  (pid 4860)
Compiled jquery.easing.1.3.js  (1ms)  (pid 4860)
Compiled liteaccordion.jquery.js  (1ms)  (pid 4860)
Compiled liteaccordion.jquery.min.js  (0ms)  (pid 4860)
Compiled news.js  (165ms)  (pid 4860)
Compiled application.js  (692ms)  (pid 4860)
Compiled home.css  (25ms)  (pid 4860)
Compiled liteaccordion.css  (0ms)  (pid 4860)
Compiled news.css  (0ms)  (pid 4860)
Compiled scaffolds.css  (11ms)  (pid 4860)
Compiled application.css  (107ms)  (pid 4860)
Compiled jquery.js  (6ms)  (pid 1776)
Compiled jquery_ujs.js  (1ms)  (pid 1776)
Compiled home.js  (293ms)  (pid 1776)
Compiled jquery.easing.1.3.js  (0ms)  (pid 1776)
Compiled liteaccordion.jquery.js  (0ms)  (pid 1776)
Compiled liteaccordion.jquery.min.js  (1ms)  (pid 1776)
Compiled news.js  (159ms)  (pid 1776)
Compiled application.js  (562ms)  (pid 1776)
Compiled home.css  (45ms)  (pid 1776)
Compiled liteaccordion.css  (0ms)  (pid 1776)
Compiled news.css  (0ms)  (pid 1776)
Compiled scaffolds.css  (12ms)  (pid 1776)
Compiled application.css  (122ms)  (pid 1776)
